<?xml version="1.0" encoding="UTF-8"?>
<!-- Generated by org.testng.reporters.JUnitReportReporter -->
<testsuite hostname="DESKTOP-RR73ETU" failures="0" tests="1" name="com.appium.android.testing.DragAndDropExample" time="9.012" errors="0" timestamp="2024-03-06T16:15:19 IST" skipped="0">
  <testcase classname="com.appium.android.testing.DragAndDropExample" name="dragAndDropExample" time="9.012"/>
  <system-out/>
</testsuite> <!-- com.appium.android.testing.DragAndDropExample -->
