<?xml version="1.0" encoding="UTF-8"?>
<!-- Generated by org.testng.reporters.JUnitReportReporter -->
<testsuite hostname="DESKTOP-RR73ETU" failures="0" tests="1" name="com.appium.android.testing.LongGesturesExample" time="10.672" errors="0" timestamp="2024-03-05T15:31:33 IST" skipped="0">
  <testcase classname="com.appium.android.testing.LongGesturesExample" name="longGesturesExample" time="10.672"/>
  <system-out/>
</testsuite> <!-- com.appium.android.testing.LongGesturesExample -->
