<?xml version="1.0" encoding="UTF-8"?>
<!-- Generated by org.testng.reporters.JUnitReportReporter -->
<testsuite hostname="DESKTOP-RR73ETU" failures="0" tests="2" name="com.mobileautomationframework.android.demoEcommerceAppE2ETC" time="55.479" errors="0" timestamp="2024-03-17T23:02:52 IST" skipped="0">
  <testcase classname="com.mobileautomationframework.android.demoEcommerceAppE2ETC" name="enterblankUserLogin" time="10.344"/>
  <system-out/>
  <testcase classname="com.mobileautomationframework.android.demoEcommerceAppE2ETC" name="enterValidLogin" time="45.135"/>
  <system-out/>
</testsuite> <!-- com.mobileautomationframework.android.demoEcommerceAppE2ETC -->
