<?xml version="1.0" encoding="UTF-8"?>
<!-- Generated by org.testng.reporters.JUnitReportReporter -->
<testsuite hostname="DESKTOP-RR73ETU" failures="0" tests="1" name="com.mobileautomationframework.android.demoEcommerceAppTC1" time="17.850" errors="0" timestamp="2024-03-17T23:02:52 IST" skipped="0">
  <testcase classname="com.mobileautomationframework.android.demoEcommerceAppTC1" name="enterblankUserLogin" time="17.850"/>
  <system-out/>
</testsuite> <!-- com.mobileautomationframework.android.demoEcommerceAppTC1 -->
