<?xml version="1.0" encoding="UTF-8"?>
<!-- Generated by org.testng.reporters.JUnitReportReporter -->
<testsuite hostname="DESKTOP-RR73ETU" failures="0" tests="1" name="com.appium.android.testing.ScrollGestureExample" time="11.752" errors="0" timestamp="2024-03-05T20:00:14 IST" skipped="0">
  <testcase classname="com.appium.android.testing.ScrollGestureExample" name="scrollGesturesScrollToElementVisibleExample" time="11.752"/>
  <system-out/>
</testsuite> <!-- com.appium.android.testing.ScrollGestureExample -->
