<?xml version="1.0" encoding="UTF-8"?>
<!-- Generated by org.testng.reporters.JUnitReportReporter -->
<testsuite hostname="DESKTOP-RR73ETU" failures="0" tests="1" name="com.mobileautomationframework.android.demoEcommerceAppTC4" time="25.544" errors="0" timestamp="2024-03-13T12:46:37 IST" skipped="0">
  <testcase classname="com.mobileautomationframework.android.demoEcommerceAppTC4" name="enterValidLogin" time="25.544"/>
  <system-out/>
</testsuite> <!-- com.mobileautomationframework.android.demoEcommerceAppTC4 -->
