<?xml version="1.0" encoding="UTF-8"?>
<!-- Generated by org.testng.reporters.JUnitReportReporter -->
<testsuite hostname="DESKTOP-RR73ETU" failures="0" tests="1" name="com.appium.android.testing.MobileBrowserExample" time="11.488" errors="0" timestamp="2024-03-08T17:01:38 IST" skipped="0">
  <testcase classname="com.appium.android.testing.MobileBrowserExample" name="mobileBrowserTest" time="11.488"/>
  <system-out/>
</testsuite> <!-- com.appium.android.testing.MobileBrowserExample -->
