<?xml version="1.0" encoding="UTF-8"?>
<!-- Generated by org.testng.reporters.JUnitReportReporter -->
<testsuite hostname="DESKTOP-RR73ETU" failures="0" tests="1" name="com.appium.android.testing.SwipeExample" time="9.335" errors="0" timestamp="2024-03-06T00:15:29 IST" skipped="0">
  <testcase classname="com.appium.android.testing.SwipeExample" name="swipeGestureExample" time="9.335"/>
  <system-out/>
</testsuite> <!-- com.appium.android.testing.SwipeExample -->
