<?xml version="1.0" encoding="UTF-8"?>
<!-- Generated by org.testng.reporters.JUnitReportReporter -->
<testsuite hostname="DESKTOP-RR73ETU" failures="0" tests="1" name="com.appium.android.testing.demoEcommerceAppTC1" time="24.007" errors="0" timestamp="2024-03-07T22:59:04 IST" skipped="0">
  <testcase classname="com.appium.android.testing.demoEcommerceAppTC1" name="enterValidLogin" time="24.007"/>
  <system-out/>
</testsuite> <!-- com.appium.android.testing.demoEcommerceAppTC1 -->
