<?xml version="1.0" encoding="UTF-8"?>
<!-- Generated by org.testng.reporters.JUnitReportReporter -->
<testsuite hostname="DESKTOP-RR73ETU" failures="0" tests="1" name="com.appium.android.testing.AppiumBasics" time="12.437" errors="0" timestamp="2024-03-04T18:57:40 IST" skipped="0">
  <testcase classname="com.appium.android.testing.AppiumBasics" name="appiumBasicApp" time="12.437"/>
  <system-out/>
</testsuite> <!-- com.appium.android.testing.AppiumBasics -->
