<?xml version="1.0" encoding="UTF-8"?>
<!-- Generated by org.testng.reporters.JUnitReportReporter -->
<testsuite hostname="DESKTOP-RR73ETU" failures="0" tests="1" name="com.appium.android.testing.MiscilaneousAppiumTopics" time="21.061" errors="0" timestamp="2024-03-06T17:24:14 IST" skipped="0">
  <testcase classname="com.appium.android.testing.MiscilaneousAppiumTopics" name="appiumOtherActivitiesExample" time="21.061"/>
  <system-out/>
</testsuite> <!-- com.appium.android.testing.MiscilaneousAppiumTopics -->
