<?xml version="1.0" encoding="UTF-8"?>
<!-- Generated by org.testng.reporters.JUnitReportReporter -->
<testsuite hostname="DESKTOP-RR73ETU" failures="0" tests="1" name="com.appium.android.testing.demoEcommerceAppTC2" time="27.695" errors="0" timestamp="2024-03-08T11:39:33 IST" skipped="0">
  <testcase classname="com.appium.android.testing.demoEcommerceAppTC2" name="enterValidLogin" time="27.695"/>
  <system-out/>
</testsuite> <!-- com.appium.android.testing.demoEcommerceAppTC2 -->
