<?xml version="1.0" encoding="UTF-8"?>
<!-- Generated by org.testng.reporters.JUnitReportReporter -->
<testsuite hostname="DESKTOP-RR73ETU" failures="0" tests="1" name="com.mobileautomationframework.android.demoEcommerceAppE2ETC" time="18.290" errors="0" timestamp="2024-03-19T01:09:02 IST" skipped="0">
  <testcase classname="com.mobileautomationframework.android.demoEcommerceAppE2ETC" name="enterblankUserLogin" time="18.290"/>
  <system-out/>
</testsuite> <!-- com.mobileautomationframework.android.demoEcommerceAppE2ETC -->
