<?xml version="1.0" encoding="UTF-8"?>
<!-- Generated by org.testng.reporters.JUnitReportReporter -->
<testsuite hostname="DESKTOP-RR73ETU" failures="0" tests="1" name="com.mobileautomationframework.android.demoEcommerceAppTC1" time="16.849" errors="0" timestamp="2024-03-19T01:00:16 IST" skipped="0">
  <testcase classname="com.mobileautomationframework.android.demoEcommerceAppTC1" name="enterblankUserLogin" time="16.849"/>
  <system-out/>
</testsuite> <!-- com.mobileautomationframework.android.demoEcommerceAppTC1 -->
